-------------------------------------------------------------------------------
Test set: starter.CucumberTestSuite
-------------------------------------------------------------------------------
Tests run: 1, Failures: 0, Errors: 1, Skipped: 0, Time elapsed: 0.003 s <<< FAILURE! - in starter.CucumberTestSuite
starter.CucumberTestSuite.initializationError  Time elapsed: 0.003 s  <<< ERROR!
java.lang.IllegalArgumentException: path must exist: E:\Altera_Accademy\19_RESTful_API_Testing_with_Rest_Assured\SerenityRest\src\test\resources\features

